<?xml version="1.0" encoding="UTF-8"?>
<!-- Generated by org.testng.reporters.JUnitXMLReporter -->
<testsuite ignored="0" hostname="Atrinik" failures="0" tests="6" name="Test" time="0.065" errors="0" timestamp="2022-07-27T06:32:04 EDT">
  <testcase classname="mavenpractice.mavenJava.SeleniumTest" name="BrowserAutomation" time="0.009"/>
  <testcase classname="mavenpractice.mavenJava.SeleniumTest" name="elementsUI" time="0.002"/>
  <testcase classname="mavenpractice.mavenJava.AppiumTest" name="IOSApps" time="0.002"/>
  <testcase classname="mavenpractice.mavenJava.AppiumTest" name="NativeAppAndroid" time="0.001"/>
  <testcase classname="mavenpractice.mavenJava.RESTAPITest" name="deleteTwitter" time="0.001"/>
  <testcase classname="mavenpractice.mavenJava.RESTAPITest" name="postJira" time="0.001"/>
</testsuite> <!-- Test -->
