<?xml version="1.0" encoding="UTF-8"?>
<!-- Generated by org.testng.reporters.JUnitXMLReporter -->
<testsuite ignored="0" hostname="Atrinik" failures="0" tests="6" name="Command line test" time="0.039" errors="0" timestamp="2022-08-03T10:25:20 EDT">
  <testcase classname="mavenpractice.mavenJava.AppiumTest" name="IOSApps" time="0.004"/>
  <testcase classname="mavenpractice.mavenJava.AppiumTest" name="NativeAppAndroid" time="0.0"/>
  <testcase classname="mavenpractice.mavenJava.RESTAPITest" name="deleteTwitter" time="0.001"/>
  <testcase classname="mavenpractice.mavenJava.RESTAPITest" name="postJira" time="0.0"/>
  <testcase classname="mavenpractice.mavenJava.SeleniumTest" name="BrowserAutomation" time="0.0"/>
  <testcase classname="mavenpractice.mavenJava.SeleniumTest" name="elementsUI" time="0.0"/>
</testsuite> <!-- Command line test -->
