<?xml version="1.0" encoding="UTF-8"?>
<testng-results ignored="0" total="6" passed="6" failed="0" skipped="0">
  <reporter-output>
  </reporter-output>
  <suite started-at="2022-08-03T10:25:20 EDT" name="Command line suite" finished-at="2022-08-03T10:25:20 EDT" duration-ms="39">
    <groups>
    </groups>
    <test started-at="2022-08-03T10:25:20 EDT" name="Command line test" finished-at="2022-08-03T10:25:20 EDT" duration-ms="39">
      <class name="mavenpractice.mavenJava.AppiumTest">
        <test-method signature="IOSApps()[pri:0, instance:mavenpractice.mavenJava.AppiumTest@928763c]" started-at="2022-08-03T10:25:20 EDT" name="IOSApps" finished-at="2022-08-03T10:25:20 EDT" duration-ms="4" status="PASS">
          <reporter-output>
          </reporter-output>
        </test-method> <!-- IOSApps -->
        <test-method signature="NativeAppAndroid()[pri:0, instance:mavenpractice.mavenJava.AppiumTest@928763c]" started-at="2022-08-03T10:25:20 EDT" name="NativeAppAndroid" finished-at="2022-08-03T10:25:20 EDT" duration-ms="0" status="PASS">
          <reporter-output>
          </reporter-output>
        </test-method> <!-- NativeAppAndroid -->
      </class> <!-- mavenpractice.mavenJava.AppiumTest -->
      <class name="mavenpractice.mavenJava.SeleniumTest">
        <test-method signature="BrowserAutomation()[pri:0, instance:mavenpractice.mavenJava.SeleniumTest@43015c69]" started-at="2022-08-03T10:25:20 EDT" name="BrowserAutomation" finished-at="2022-08-03T10:25:20 EDT" duration-ms="0" status="PASS">
          <reporter-output>
          </reporter-output>
        </test-method> <!-- BrowserAutomation -->
        <test-method signature="elementsUI()[pri:0, instance:mavenpractice.mavenJava.SeleniumTest@43015c69]" started-at="2022-08-03T10:25:20 EDT" name="elementsUI" finished-at="2022-08-03T10:25:20 EDT" duration-ms="0" status="PASS">
          <reporter-output>
          </reporter-output>
        </test-method> <!-- elementsUI -->
      </class> <!-- mavenpractice.mavenJava.SeleniumTest -->
      <class name="mavenpractice.mavenJava.RESTAPITest">
        <test-method signature="deleteTwitter()[pri:0, instance:mavenpractice.mavenJava.RESTAPITest@34b9f960]" started-at="2022-08-03T10:25:20 EDT" name="deleteTwitter" finished-at="2022-08-03T10:25:20 EDT" duration-ms="1" status="PASS">
          <reporter-output>
          </reporter-output>
        </test-method> <!-- deleteTwitter -->
        <test-method signature="postJira()[pri:0, instance:mavenpractice.mavenJava.RESTAPITest@34b9f960]" started-at="2022-08-03T10:25:20 EDT" name="postJira" finished-at="2022-08-03T10:25:20 EDT" duration-ms="0" status="PASS">
          <reporter-output>
          </reporter-output>
        </test-method> <!-- postJira -->
      </class> <!-- mavenpractice.mavenJava.RESTAPITest -->
    </test> <!-- Command line test -->
  </suite> <!-- Command line suite -->
</testng-results>
